<?xml version="1.0" encoding="UTF-8"?>
<coverage generated="1618165303591" clover="3.2.0">
  <project timestamp="1618165303592" name="All files">
    <metrics statements="8" coveredstatements="7" conditionals="0" coveredconditionals="0" methods="4" coveredmethods="3" elements="12" coveredelements="10" complexity="0" loc="8" ncloc="8" packages="2" files="3" classes="3"/>
    <package name="jestTestingFramework">
      <metrics statements="5" coveredstatements="4" conditionals="0" coveredconditionals="0" methods="3" coveredmethods="2"/>
      <file name="cloneArray.js" path="/Users/abhishek/Documents/jestTestingFramework/cloneArray.js">
        <metrics statements="2" coveredstatements="2" conditionals="0" coveredconditionals="0" methods="1" coveredmethods="1"/>
        <line num="2" count="2" type="stmt"/>
        <line num="4" count="1" type="stmt"/>
      </file>
      <file name="sum.js" path="/Users/abhishek/Documents/jestTestingFramework/sum.js">
        <metrics statements="3" coveredstatements="2" conditionals="0" coveredconditionals="0" methods="2" coveredmethods="1"/>
        <line num="2" count="1" type="stmt"/>
        <line num="5" count="0" type="stmt"/>
        <line num="7" count="1" type="stmt"/>
      </file>
    </package>
    <package name="jestTestingFramework.coverage.lcov-report">
      <metrics statements="3" coveredstatements="3" conditionals="0" coveredconditionals="0" methods="1" coveredmethods="1"/>
      <file name="functions.js" path="/Users/abhishek/Documents/jestTestingFramework/coverage/lcov-report/functions.js">
        <metrics statements="3" coveredstatements="3" conditionals="0" coveredconditionals="0" methods="1" coveredmethods="1"/>
        <line num="1" count="1" type="stmt"/>
        <line num="2" count="1" type="stmt"/>
        <line num="6" count="1" type="stmt"/>
      </file>
    </package>
  </project>
</coverage>
