<?xml version="1.0" encoding="UTF-8"?>
<coverage generated="1618166595252" clover="3.2.0">
  <project timestamp="1618166595253" name="All files">
    <metrics statements="10" coveredstatements="9" conditionals="0" coveredconditionals="0" methods="6" coveredmethods="5" elements="16" coveredelements="14" complexity="0" loc="10" ncloc="10" packages="1" files="3" classes="3"/>
    <file name="cloneArray.js" path="/Users/abhishek/Documents/jestTestingFramework/cloneArray.js">
      <metrics statements="2" coveredstatements="2" conditionals="0" coveredconditionals="0" methods="1" coveredmethods="1"/>
      <line num="2" count="2" type="stmt"/>
      <line num="4" count="1" type="stmt"/>
    </file>
    <file name="functions.js" path="/Users/abhishek/Documents/jestTestingFramework/functions.js">
      <metrics statements="5" coveredstatements="5" conditionals="0" coveredconditionals="0" methods="3" coveredmethods="3"/>
      <line num="1" count="1" type="stmt"/>
      <line num="2" count="1" type="stmt"/>
      <line num="3" count="1" type="stmt"/>
      <line num="4" count="1" type="stmt"/>
      <line num="8" count="1" type="stmt"/>
    </file>
    <file name="sum.js" path="/Users/abhishek/Documents/jestTestingFramework/sum.js">
      <metrics statements="3" coveredstatements="2" conditionals="0" coveredconditionals="0" methods="2" coveredmethods="1"/>
      <line num="2" count="1" type="stmt"/>
      <line num="5" count="0" type="stmt"/>
      <line num="7" count="1" type="stmt"/>
    </file>
  </project>
</coverage>
